
> decode-console@1.0.0 build Z:\dev\Projects\pousada-management
> next build

[baseline-browser-mapping] The data in this module is over two months old.  To ensure accurate Baseline data, please update: `npm i baseline-browser-mapping@latest -D`
   ▲ Next.js 16.0.7 (Turbopack)
   - Environments: .env
   - Experiments (use with caution):
     · optimizePackageImports

   Creating an optimized production build ...
[baseline-browser-mapping] The data in this module is over two months old.  To ensure accurate Baseline data, please update: `npm i baseline-browser-mapping@latest -D`
 ✓ Compiled successfully in 18.6s
   Running TypeScript ...
Failed to compile.

./src/app/(admin)/quotes/new/page.tsx:49:40
Type error: Argument of type '{ guestName: string; guestPhone: string | undefined; guestEmail: string | undefined; roomName: string; checkIn: Date; checkOut: Date; basePrice: number; discount: number; discountType: "PERCENTAGE" | "FIXED"; notes: string | undefined; validUntil: Date; }' is not assignable to parameter of type '{ guestName: string; roomName: string; checkIn: Date; checkOut: Date; adults: number; children: number; basePrice: number; discount: number; discountType: "PERCENTAGE" | "FIXED"; ... 5 more ...; notes?: string | ... 1 more ... | undefined; }'.
  Type '{ guestName: string; guestPhone: string | undefined; guestEmail: string | undefined; roomName: string; checkIn: Date; checkOut: Date; basePrice: number; discount: number; discountType: "PERCENTAGE" | "FIXED"; notes: string | undefined; validUntil: Date; }' is missing the following properties from type '{ guestName: string; roomName: string; checkIn: Date; checkOut: Date; adults: number; children: number; basePrice: number; discount: number; discountType: "PERCENTAGE" | "FIXED"; ... 5 more ...; notes?: string | ... 1 more ... | undefined; }': adults, children

[0m [90m 47 |[39m     setSubmitting([36mtrue[39m)
 [90m 48 |[39m     [36mtry[39m {
[31m[1m>[22m[39m[90m 49 |[39m       [36mconst[39m result [33m=[39m [36mawait[39m createQuote({
 [90m    |[39m                                        [31m[1m^[22m[39m
 [90m 50 |[39m         guestName[33m:[39m formData[33m.[39mguestName[33m,[39m
 [90m 51 |[39m         guestPhone[33m:[39m formData[33m.[39mguestPhone [33m||[39m undefined[33m,[39m
 [90m 52 |[39m         guestEmail[33m:[39m formData[33m.[39mguestEmail [33m||[39m undefined[33m,[39m[0m
Next.js build worker exited with code: 1 and signal: null
 ELIFECYCLE  Command failed with exit code 1.
